{"level":"info","message":"Listening on port 3000...","timestamp":"2024-04-07T05:44:59.701Z"}
{"level":"info","message":"Listening on port 3000...","timestamp":"2024-04-07T05:45:47.315Z"}
{"level":"info","message":"Listening on port 3000...","timestamp":"2024-04-07T05:46:14.571Z"}
{"level":"info","message":"Listening on port 3000...","timestamp":"2024-04-07T05:46:42.906Z"}
{"level":"info","message":"Listening on port 3000...","timestamp":"2024-04-07T05:47:07.716Z"}
{"level":"info","message":"Listening on port 3000...","timestamp":"2024-04-07T05:47:30.189Z"}
{"level":"info","message":"Listening on port 3000...","timestamp":"2024-04-07T05:49:19.366Z"}
{"level":"info","message":"Listening on port 3000...","timestamp":"2024-04-07T05:50:20.973Z"}
{"level":"info","message":"Listening on port 3000...","timestamp":"2024-04-07T05:50:36.998Z"}
{"level":"info","message":"Listening on port 3000...","timestamp":"2024-04-07T05:53:29.689Z"}
{"level":"info","message":"Listening on port 3000...","timestamp":"2024-04-07T05:55:09.192Z"}
{"level":"info","message":"Listening on port 3000...","timestamp":"2024-04-10T05:13:16.469Z"}
{"level":"info","message":"Listening on port 3001...","timestamp":"2024-04-10T05:14:00.963Z"}
{"level":"info","message":"Listening on port 3001...","timestamp":"2024-04-10T05:34:20.147Z"}
{"level":"info","message":"Listening on port 3001...","timestamp":"2024-04-10T05:38:47.629Z"}
{"level":"info","message":"Listening on port 3001...","timestamp":"2024-04-10T06:11:36.055Z"}
{"level":"info","message":"Listening on port 3001...","timestamp":"2024-04-10T09:31:35.868Z"}
{"level":"info","message":"Listening on port 3001...","timestamp":"2024-04-11T07:54:22.682Z"}
{"level":"info","message":"Listening on port 3001...","timestamp":"2024-04-12T04:30:48.123Z"}
{"level":"info","message":"Listening on port 3001...","timestamp":"2024-04-13T11:23:49.681Z"}
{"level":"info","message":"Listening on port 3001...","timestamp":"2024-04-13T13:26:15.553Z"}
{"level":"info","message":"Listening on port 3001...","timestamp":"2024-04-13T14:08:37.456Z"}
{"level":"info","message":"Listening on port 3001...","timestamp":"2024-04-13T19:38:45.568Z"}
{"level":"info","message":"Listening on port 3001...","timestamp":"2024-04-13T19:39:31.155Z"}
{"level":"info","message":"Listening on port 3001...","timestamp":"2024-04-13T19:39:45.775Z"}
{"level":"info","message":"Listening on port 3001...","timestamp":"2024-04-13T19:42:30.696Z"}
{"level":"info","message":"Listening on port 3001...","timestamp":"2024-04-13T19:46:05.412Z"}
{"level":"info","message":"Listening on port 3001...","timestamp":"2024-04-13T19:46:25.861Z"}
{"level":"info","message":"Listening on port 3001...","timestamp":"2024-04-13T19:47:37.357Z"}
{"level":"info","message":"Listening on port 3001...","timestamp":"2024-04-13T19:49:03.495Z"}
{"level":"info","message":"Listening on port 3001...","timestamp":"2024-04-13T19:53:25.635Z"}
{"level":"info","message":"requested url: https://www.themuse.com/api/public/jobsapi_key=88eefa8555a8928cc9a4013f6b959ab5be20e1ca3da940f35888801816e9c5ed&page=1&category=Accounting&category=Computer%20and%20IT","timestamp":"2024-04-13T19:53:33.229Z"}
{"level":"info","message":"requested url: https://www.themuse.com/api/public/jobsapi_key=88eefa8555a8928cc9a4013f6b959ab5be20e1ca3da940f35888801816e9c5ed&page=1&category=Accounting&category=Computer%20and%20IT","timestamp":"2024-04-13T20:09:11.506Z"}
{"level":"info","message":"requested url: https://www.themuse.com/api/public/jobsapi_key=88eefa8555a8928cc9a4013f6b959ab5be20e1ca3da940f35888801816e9c5ed&page=1&category=Accounting&category=Computer%20and%20IT","timestamp":"2024-04-13T20:09:28.095Z"}
{"level":"info","message":"requested url: https://www.themuse.com/api/public/jobsapi_key=88eefa8555a8928cc9a4013f6b959ab5be20e1ca3da940f35888801816e9c5ed&page=1&category=Accounting&category=Computer%20and%20IT","timestamp":"2024-04-13T20:09:35.818Z"}
{"level":"info","message":"requested url: https://www.themuse.com/api/public/jobsapi_key=88eefa8555a8928cc9a4013f6b959ab5be20e1ca3da940f35888801816e9c5ed&page=1&category=Accounting&category=Computer%20and%20IT","timestamp":"2024-04-13T20:16:05.891Z"}
{"level":"info","message":"requested url: https://www.themuse.com/api/public/jobsapi_key=88eefa8555a8928cc9a4013f6b959ab5be20e1ca3da940f35888801816e9c5ed&page=1&category=Accounting&category=Computer%20and%20IT","timestamp":"2024-04-13T20:16:06.284Z"}
{"level":"info","message":"requested url: https://www.themuse.com/api/public/jobsapi_key=88eefa8555a8928cc9a4013f6b959ab5be20e1ca3da940f35888801816e9c5ed&page=1&category=Accounting&category=Computer%20and%20IT","timestamp":"2024-04-13T20:16:19.555Z"}
{"level":"info","message":"requested url: https://www.themuse.com/api/public/jobsapi_key=88eefa8555a8928cc9a4013f6b959ab5be20e1ca3da940f35888801816e9c5ed&page=1&category=Accounting&category=Computer%20and%20IT","timestamp":"2024-04-13T20:16:20.179Z"}
{"level":"info","message":"requested url: https://www.themuse.com/api/public/jobsapi_key=88eefa8555a8928cc9a4013f6b959ab5be20e1ca3da940f35888801816e9c5ed&page=1&category=Accounting&category=Computer%20and%20IT","timestamp":"2024-04-13T20:17:14.185Z"}
{"level":"info","message":"requested url: https://www.themuse.com/api/public/jobsapi_key=88eefa8555a8928cc9a4013f6b959ab5be20e1ca3da940f35888801816e9c5ed&page=1&category=Accounting&category=Computer%20and%20IT","timestamp":"2024-04-13T20:17:14.262Z"}
{"level":"info","message":"requested url: https://www.themuse.com/api/public/jobsapi_key=88eefa8555a8928cc9a4013f6b959ab5be20e1ca3da940f35888801816e9c5ed&page=1&category=Accounting&category=Computer%20and%20IT","timestamp":"2024-04-13T20:17:20.906Z"}
{"level":"info","message":"requested url: https://www.themuse.com/api/public/jobsapi_key=88eefa8555a8928cc9a4013f6b959ab5be20e1ca3da940f35888801816e9c5ed&page=1&category=Accounting&category=Computer%20and%20IT","timestamp":"2024-04-13T20:17:21.516Z"}
{"level":"info","message":"requested url: https://www.themuse.com/api/public/jobsapi_key=88eefa8555a8928cc9a4013f6b959ab5be20e1ca3da940f35888801816e9c5ed&page=1&category=Accounting&category=Computer%20and%20IT","timestamp":"2024-04-13T20:19:20.491Z"}
{"level":"info","message":"requested url: https://www.themuse.com/api/public/jobsapi_key=88eefa8555a8928cc9a4013f6b959ab5be20e1ca3da940f35888801816e9c5ed&page=1&category=Accounting&category=Computer%20and%20IT","timestamp":"2024-04-13T20:19:20.921Z"}
{"level":"info","message":"requested url: https://www.themuse.com/api/public/jobsapi_key=88eefa8555a8928cc9a4013f6b959ab5be20e1ca3da940f35888801816e9c5ed&page=2&category=Accounting&category=Computer%20and%20IT","timestamp":"2024-04-13T20:19:32.143Z"}
{"level":"info","message":"requested url: https://www.themuse.com/api/public/jobsapi_key=88eefa8555a8928cc9a4013f6b959ab5be20e1ca3da940f35888801816e9c5ed&page=3&category=Accounting&category=Computer%20and%20IT","timestamp":"2024-04-13T20:19:35.498Z"}
{"level":"info","message":"requested url: https://www.themuse.com/api/public/jobsapi_key=88eefa8555a8928cc9a4013f6b959ab5be20e1ca3da940f35888801816e9c5ed&page=4&category=Accounting&category=Computer%20and%20IT","timestamp":"2024-04-13T20:19:46.276Z"}
{"level":"info","message":"requested url: https://www.themuse.com/api/public/jobsapi_key=88eefa8555a8928cc9a4013f6b959ab5be20e1ca3da940f35888801816e9c5ed&page=5&category=Accounting&category=Computer%20and%20IT","timestamp":"2024-04-13T20:19:54.443Z"}
{"level":"info","message":"requested url: https://www.themuse.com/api/public/jobsapi_key=88eefa8555a8928cc9a4013f6b959ab5be20e1ca3da940f35888801816e9c5ed&page=6&category=Accounting&category=Computer%20and%20IT","timestamp":"2024-04-13T20:20:00.880Z"}
{"level":"info","message":"requested url: https://www.themuse.com/api/public/jobsapi_key=88eefa8555a8928cc9a4013f6b959ab5be20e1ca3da940f35888801816e9c5ed&page=7&category=Accounting&category=Computer%20and%20IT","timestamp":"2024-04-13T20:20:07.670Z"}
{"level":"info","message":"requested url: https://www.themuse.com/api/public/jobsapi_key=88eefa8555a8928cc9a4013f6b959ab5be20e1ca3da940f35888801816e9c5ed&page=8&category=Accounting&category=Computer%20and%20IT","timestamp":"2024-04-13T20:20:13.253Z"}
{"level":"info","message":"requested url: https://www.themuse.com/api/public/jobsapi_key=88eefa8555a8928cc9a4013f6b959ab5be20e1ca3da940f35888801816e9c5ed&page=9&category=Accounting&category=Computer%20and%20IT","timestamp":"2024-04-13T20:20:17.542Z"}
{"level":"info","message":"requested url: https://www.themuse.com/api/public/jobsapi_key=88eefa8555a8928cc9a4013f6b959ab5be20e1ca3da940f35888801816e9c5ed&page=10&category=Accounting&category=Computer%20and%20IT","timestamp":"2024-04-13T20:20:19.661Z"}
{"level":"info","message":"requested url: https://www.themuse.com/api/public/jobsapi_key=88eefa8555a8928cc9a4013f6b959ab5be20e1ca3da940f35888801816e9c5ed&page=1&category=Accounting&category=Computer%20and%20IT","timestamp":"2024-04-13T20:20:21.206Z"}
{"level":"info","message":"requested url: https://www.themuse.com/api/public/jobsapi_key=88eefa8555a8928cc9a4013f6b959ab5be20e1ca3da940f35888801816e9c5ed&page=1&category=Accounting&category=Computer%20and%20IT","timestamp":"2024-04-13T20:27:46.261Z"}
{"level":"info","message":"requested url: https://www.themuse.com/api/public/jobsapi_key=88eefa8555a8928cc9a4013f6b959ab5be20e1ca3da940f35888801816e9c5ed&page=1&category=Accounting&category=Computer%20and%20IT","timestamp":"2024-04-13T20:27:46.290Z"}
{"level":"info","message":"requested url: https://www.themuse.com/api/public/jobsapi_key=88eefa8555a8928cc9a4013f6b959ab5be20e1ca3da940f35888801816e9c5ed&page=1&category=Accounting&category=Computer%20and%20IT","timestamp":"2024-04-13T20:30:17.761Z"}
{"level":"info","message":"requested url: https://www.themuse.com/api/public/jobsapi_key=88eefa8555a8928cc9a4013f6b959ab5be20e1ca3da940f35888801816e9c5ed&page=1&category=Accounting&category=Computer%20and%20IT","timestamp":"2024-04-13T20:30:17.893Z"}
{"level":"info","message":"requested url: https://www.themuse.com/api/public/jobsapi_key=88eefa8555a8928cc9a4013f6b959ab5be20e1ca3da940f35888801816e9c5ed&page=1&category=Accounting&category=Computer%20and%20IT","timestamp":"2024-04-13T20:30:42.459Z"}
{"level":"info","message":"requested url: https://www.themuse.com/api/public/jobsapi_key=88eefa8555a8928cc9a4013f6b959ab5be20e1ca3da940f35888801816e9c5ed&page=1&category=Accounting&category=Computer%20and%20IT","timestamp":"2024-04-13T20:30:42.557Z"}
{"level":"info","message":"Listening on port 3001...","timestamp":"2024-04-14T05:38:12.673Z"}
{"level":"info","message":"requested url: https://www.themuse.com/api/public/jobsapi_key=88eefa8555a8928cc9a4013f6b959ab5be20e1ca3da940f35888801816e9c5ed&page=1&category=Accounting&category=Computer%20and%20IT","timestamp":"2024-04-14T05:38:44.527Z"}
{"level":"info","message":"requested url: https://www.themuse.com/api/public/jobsapi_key=88eefa8555a8928cc9a4013f6b959ab5be20e1ca3da940f35888801816e9c5ed&page=1&category=Accounting&category=Computer%20and%20IT","timestamp":"2024-04-14T05:40:03.657Z"}
{"level":"info","message":"requested url: https://www.themuse.com/api/public/jobsapi_key=88eefa8555a8928cc9a4013f6b959ab5be20e1ca3da940f35888801816e9c5ed&page=1&category=Accounting&category=Computer%20and%20IT","timestamp":"2024-04-14T05:43:07.871Z"}
{"level":"info","message":"requested url: https://www.themuse.com/api/public/jobsapi_key=88eefa8555a8928cc9a4013f6b959ab5be20e1ca3da940f35888801816e9c5ed&page=1&category=Accounting&category=Computer%20and%20IT","timestamp":"2024-04-14T05:43:36.735Z"}
{"level":"info","message":"requested url: https://www.themuse.com/api/public/jobsapi_key=88eefa8555a8928cc9a4013f6b959ab5be20e1ca3da940f35888801816e9c5ed&page=1&category=Accounting&category=Computer%20and%20IT","timestamp":"2024-04-14T05:43:55.507Z"}
{"level":"info","message":"requested url: https://www.themuse.com/api/public/jobsapi_key=88eefa8555a8928cc9a4013f6b959ab5be20e1ca3da940f35888801816e9c5ed&page=1&category=Accounting&category=Computer%20and%20IT","timestamp":"2024-04-14T05:44:38.996Z"}
{"level":"info","message":"requested url: https://www.themuse.com/api/public/jobsapi_key=88eefa8555a8928cc9a4013f6b959ab5be20e1ca3da940f35888801816e9c5ed&page=1&category=Accounting&category=Computer%20and%20IT","timestamp":"2024-04-14T05:56:42.233Z"}
{"level":"info","message":"requested url: https://www.themuse.com/api/public/jobsapi_key=88eefa8555a8928cc9a4013f6b959ab5be20e1ca3da940f35888801816e9c5ed&page=1&category=Accounting&category=Computer%20and%20IT","timestamp":"2024-04-14T05:57:37.615Z"}
{"level":"info","message":"requested url: https://www.themuse.com/api/public/jobsapi_key=88eefa8555a8928cc9a4013f6b959ab5be20e1ca3da940f35888801816e9c5ed&page=1&category=Accounting&category=Computer%20and%20IT","timestamp":"2024-04-14T05:59:29.874Z"}
{"level":"info","message":"requested url: https://www.themuse.com/api/public/jobsapi_key=88eefa8555a8928cc9a4013f6b959ab5be20e1ca3da940f35888801816e9c5ed&page=1&category=Accounting&category=Computer%20and%20IT","timestamp":"2024-04-14T06:00:18.264Z"}
{"level":"info","message":"requested url: https://www.themuse.com/api/public/jobsapi_key=88eefa8555a8928cc9a4013f6b959ab5be20e1ca3da940f35888801816e9c5ed&page=1&category=Accounting&category=Computer%20and%20IT","timestamp":"2024-04-14T06:04:46.127Z"}
{"level":"info","message":"requested url: https://www.themuse.com/api/public/jobsapi_key=88eefa8555a8928cc9a4013f6b959ab5be20e1ca3da940f35888801816e9c5ed&page=1&category=Accounting&category=Computer%20and%20IT","timestamp":"2024-04-14T06:06:02.417Z"}
{"level":"info","message":"requested url: https://www.themuse.com/api/public/jobsapi_key=88eefa8555a8928cc9a4013f6b959ab5be20e1ca3da940f35888801816e9c5ed&page=1&category=Accounting&category=Computer%20and%20IT","timestamp":"2024-04-14T06:07:18.073Z"}
{"level":"info","message":"requested url: https://www.themuse.com/api/public/jobsapi_key=88eefa8555a8928cc9a4013f6b959ab5be20e1ca3da940f35888801816e9c5ed&page=1&category=Accounting&category=Computer%20and%20IT","timestamp":"2024-04-14T06:07:21.155Z"}
{"level":"info","message":"requested url: https://www.themuse.com/api/public/jobsapi_key=88eefa8555a8928cc9a4013f6b959ab5be20e1ca3da940f35888801816e9c5ed&page=1&category=Accounting&category=Computer%20and%20IT","timestamp":"2024-04-14T06:08:46.683Z"}
{"level":"info","message":"requested url: https://www.themuse.com/api/public/jobsapi_key=88eefa8555a8928cc9a4013f6b959ab5be20e1ca3da940f35888801816e9c5ed&page=1&category=Accounting&category=Computer%20and%20IT","timestamp":"2024-04-14T06:08:52.600Z"}
{"level":"info","message":"requested url: https://www.themuse.com/api/public/jobsapi_key=88eefa8555a8928cc9a4013f6b959ab5be20e1ca3da940f35888801816e9c5ed&page=1&category=Accounting&category=Computer%20and%20IT&location=list","timestamp":"2024-04-14T06:10:28.322Z"}
{"level":"info","message":"requested url: https://www.themuse.com/api/public/jobsapi_key=88eefa8555a8928cc9a4013f6b959ab5be20e1ca3da940f35888801816e9c5ed&page=1&category=Accounting&category=Computer%20and%20IT&location=","timestamp":"2024-04-14T06:10:36.096Z"}
{"level":"info","message":"requested url: https://www.themuse.com/api/public/jobsapi_key=88eefa8555a8928cc9a4013f6b959ab5be20e1ca3da940f35888801816e9c5ed&page=1&category=Accounting&category=Computer%20and%20IT&location=","timestamp":"2024-04-14T06:13:01.592Z"}
{"level":"info","message":"requested url: https://www.themuse.com/api/public/jobsapi_key=88eefa8555a8928cc9a4013f6b959ab5be20e1ca3da940f35888801816e9c5ed&page=1&category=Accounting&category=Computer%20and%20IT&location=","timestamp":"2024-04-14T06:13:20.221Z"}
{"level":"info","message":"requested url: https://www.themuse.com/api/public/jobsapi_key=88eefa8555a8928cc9a4013f6b959ab5be20e1ca3da940f35888801816e9c5ed&page=1&category=Accounting&category=Computer%20and%20IT&location=","timestamp":"2024-04-14T06:13:55.070Z"}
{"level":"info","message":"requested url: https://www.themuse.com/api/public/jobsapi_key=88eefa8555a8928cc9a4013f6b959ab5be20e1ca3da940f35888801816e9c5ed&page=1&category=Accounting&category=Computer%20and%20IT&location=","timestamp":"2024-04-14T06:13:56.517Z"}
{"level":"info","message":"requested url: https://www.themuse.com/api/public/jobsapi_key=88eefa8555a8928cc9a4013f6b959ab5be20e1ca3da940f35888801816e9c5ed&page=1&category=Accounting&category=Computer%20and%20IT&location=","timestamp":"2024-04-14T06:15:27.983Z"}
{"level":"info","message":"requested url: https://www.themuse.com/api/public/jobsapi_key=88eefa8555a8928cc9a4013f6b959ab5be20e1ca3da940f35888801816e9c5ed&page=1&category=Accounting&category=Computer%20and%20IT&location=","timestamp":"2024-04-14T06:15:58.362Z"}
{"level":"info","message":"requested url: https://www.themuse.com/api/public/jobsapi_key=88eefa8555a8928cc9a4013f6b959ab5be20e1ca3da940f35888801816e9c5ed&page=1&category=Accounting&category=Computer%20and%20IT&location=","timestamp":"2024-04-14T06:16:30.187Z"}
{"level":"info","message":"requested url: https://www.themuse.com/api/public/jobsapi_key=88eefa8555a8928cc9a4013f6b959ab5be20e1ca3da940f35888801816e9c5ed&page=1&category=Accounting&category=Computer%20and%20IT&location=","timestamp":"2024-04-14T06:17:55.222Z"}
{"level":"info","message":"requested url: https://www.themuse.com/api/public/jobsapi_key=88eefa8555a8928cc9a4013f6b959ab5be20e1ca3da940f35888801816e9c5ed&page=1&category=Accounting&category=Computer%20and%20IT&location=","timestamp":"2024-04-14T06:18:11.016Z"}
{"level":"info","message":"requested url: https://www.themuse.com/api/public/jobsapi_key=88eefa8555a8928cc9a4013f6b959ab5be20e1ca3da940f35888801816e9c5ed&page=1&category=Accounting&category=Computer%20and%20IT&location=","timestamp":"2024-04-14T06:37:49.814Z"}
{"level":"info","message":"requested url: https://www.themuse.com/api/public/jobsapi_key=88eefa8555a8928cc9a4013f6b959ab5be20e1ca3da940f35888801816e9c5ed&page=1&category=Accounting&category=Computer%20and%20IT&location=a","timestamp":"2024-04-14T06:37:56.512Z"}
{"level":"info","message":"requested url: https://www.themuse.com/api/public/jobsapi_key=88eefa8555a8928cc9a4013f6b959ab5be20e1ca3da940f35888801816e9c5ed&page=1&category=Accounting&category=Computer%20and%20IT&location=ab","timestamp":"2024-04-14T06:37:56.606Z"}
{"level":"info","message":"requested url: https://www.themuse.com/api/public/jobsapi_key=88eefa8555a8928cc9a4013f6b959ab5be20e1ca3da940f35888801816e9c5ed&page=1&category=Accounting&category=Computer%20and%20IT&location=abc","timestamp":"2024-04-14T06:37:56.836Z"}
{"level":"info","message":"requested url: https://www.themuse.com/api/public/jobsapi_key=88eefa8555a8928cc9a4013f6b959ab5be20e1ca3da940f35888801816e9c5ed&page=1&category=Accounting&category=Computer%20and%20IT&location=abcd","timestamp":"2024-04-14T06:37:57.149Z"}
{"level":"info","message":"requested url: https://www.themuse.com/api/public/jobsapi_key=88eefa8555a8928cc9a4013f6b959ab5be20e1ca3da940f35888801816e9c5ed&page=1&category=Accounting&category=Computer%20and%20IT&location=abc","timestamp":"2024-04-14T06:37:58.105Z"}
{"level":"info","message":"requested url: https://www.themuse.com/api/public/jobsapi_key=88eefa8555a8928cc9a4013f6b959ab5be20e1ca3da940f35888801816e9c5ed&page=1&category=Accounting&category=Computer%20and%20IT&location=ab","timestamp":"2024-04-14T06:37:58.184Z"}
{"level":"info","message":"requested url: https://www.themuse.com/api/public/jobsapi_key=88eefa8555a8928cc9a4013f6b959ab5be20e1ca3da940f35888801816e9c5ed&page=1&category=Accounting&category=Computer%20and%20IT&location=a","timestamp":"2024-04-14T06:37:58.454Z"}
{"level":"info","message":"requested url: https://www.themuse.com/api/public/jobsapi_key=88eefa8555a8928cc9a4013f6b959ab5be20e1ca3da940f35888801816e9c5ed&page=1&category=Accounting&category=Computer%20and%20IT&location=","timestamp":"2024-04-14T06:37:58.854Z"}
{"level":"info","message":"requested url: https://www.themuse.com/api/public/jobsapi_key=88eefa8555a8928cc9a4013f6b959ab5be20e1ca3da940f35888801816e9c5ed&page=1&category=Accounting&category=Computer%20and%20IT&location=l","timestamp":"2024-04-14T06:37:59.810Z"}
{"level":"info","message":"requested url: https://www.themuse.com/api/public/jobsapi_key=88eefa8555a8928cc9a4013f6b959ab5be20e1ca3da940f35888801816e9c5ed&page=1&category=Accounting&category=Computer%20and%20IT&location=lo","timestamp":"2024-04-14T06:38:01.381Z"}
{"level":"info","message":"requested url: https://www.themuse.com/api/public/jobsapi_key=88eefa8555a8928cc9a4013f6b959ab5be20e1ca3da940f35888801816e9c5ed&page=1&category=Accounting&category=Computer%20and%20IT&location=","timestamp":"2024-04-14T06:41:18.329Z"}
{"level":"info","message":"requested url: https://www.themuse.com/api/public/jobsapi_key=88eefa8555a8928cc9a4013f6b959ab5be20e1ca3da940f35888801816e9c5ed&page=1&category=Accounting&category=Computer%20and%20IT&location=La","timestamp":"2024-04-14T06:41:35.942Z"}
{"level":"info","message":"requested url: https://www.themuse.com/api/public/jobsapi_key=88eefa8555a8928cc9a4013f6b959ab5be20e1ca3da940f35888801816e9c5ed&page=1&category=Accounting&category=Computer%20and%20IT&location=Flexible%20%2F%20Remote","timestamp":"2024-04-14T06:42:07.729Z"}
{"level":"info","message":"requested url: https://www.themuse.com/api/public/jobsapi_key=88eefa8555a8928cc9a4013f6b959ab5be20e1ca3da940f35888801816e9c5ed&page=1&category=Accounting&category=Computer%20and%20IT&location=Atlanta%2C%20GA","timestamp":"2024-04-14T06:42:27.940Z"}
{"level":"info","message":"requested url: https://www.themuse.com/api/public/jobsapi_key=88eefa8555a8928cc9a4013f6b959ab5be20e1ca3da940f35888801816e9c5ed&page=1&category=Accounting&category=Computer%20and%20IT&location=New%20York%2C%20NY","timestamp":"2024-04-14T06:43:26.302Z"}
{"level":"info","message":"requested url: https://www.themuse.com/api/public/jobsapi_key=88eefa8555a8928cc9a4013f6b959ab5be20e1ca3da940f35888801816e9c5ed&page=2&category=Accounting&category=Computer%20and%20IT&location=New%20York%2C%20NY","timestamp":"2024-04-14T06:51:07.374Z"}
{"level":"info","message":"requested url: https://www.themuse.com/api/public/jobsapi_key=88eefa8555a8928cc9a4013f6b959ab5be20e1ca3da940f35888801816e9c5ed&page=1&category=Accounting&category=Computer%20and%20IT&company=New%20York%2C%20NY&location=New%20York%2C%20NY","timestamp":"2024-04-14T06:52:30.332Z"}
{"level":"info","message":"requested url: https://www.themuse.com/api/public/jobsapi_key=88eefa8555a8928cc9a4013f6b959ab5be20e1ca3da940f35888801816e9c5ed&page=1&category=Accounting&category=Computer%20and%20IT&location=New%20York%2C%20NY","timestamp":"2024-04-14T06:52:43.168Z"}
{"level":"info","message":"requested url: https://www.themuse.com/api/public/jobsapi_key=88eefa8555a8928cc9a4013f6b959ab5be20e1ca3da940f35888801816e9c5ed&page=1&category=Accounting&category=Computer%20and%20IT&company=&location=","timestamp":"2024-04-14T06:54:05.852Z"}
{"level":"info","message":"requested url: https://www.themuse.com/api/public/jobsapi_key=88eefa8555a8928cc9a4013f6b959ab5be20e1ca3da940f35888801816e9c5ed&page=1&category=Accounting&category=Computer%20and%20IT&company=&location=","timestamp":"2024-04-14T06:55:10.369Z"}
{"level":"info","message":"requested url: https://www.themuse.com/api/public/jobsapi_key=88eefa8555a8928cc9a4013f6b959ab5be20e1ca3da940f35888801816e9c5ed&page=1&category=Accounting&category=Computer%20and%20IT&company=&location=","timestamp":"2024-04-14T06:57:48.489Z"}
{"level":"info","message":"requested url: https://www.themuse.com/api/public/jobsapi_key=88eefa8555a8928cc9a4013f6b959ab5be20e1ca3da940f35888801816e9c5ed&page=1&category=Accounting&category=Computer%20and%20IT&company=&location=","timestamp":"2024-04-14T06:57:52.619Z"}
{"level":"info","message":"requested url: https://www.themuse.com/api/public/jobsapi_key=88eefa8555a8928cc9a4013f6b959ab5be20e1ca3da940f35888801816e9c5ed&page=1&category=Accounting&category=Computer%20and%20IT&company=&location=","timestamp":"2024-04-14T06:58:12.933Z"}
{"level":"info","message":"requested url: https://www.themuse.com/api/public/jobsapi_key=88eefa8555a8928cc9a4013f6b959ab5be20e1ca3da940f35888801816e9c5ed&page=1&category=Accounting&category=Computer%20and%20IT&company=&location=","timestamp":"2024-04-14T06:58:22.122Z"}
{"level":"info","message":"requested url: https://www.themuse.com/api/public/jobsapi_key=88eefa8555a8928cc9a4013f6b959ab5be20e1ca3da940f35888801816e9c5ed&page=1&category=IT&company=&location=","timestamp":"2024-04-14T06:58:54.981Z"}
{"level":"info","message":"requested url: https://www.themuse.com/api/public/jobsapi_key=88eefa8555a8928cc9a4013f6b959ab5be20e1ca3da940f35888801816e9c5ed&page=1&category=IT&company=NewYork&location=NewYork","timestamp":"2024-04-14T06:59:13.506Z"}
{"level":"info","message":"requested url: https://www.themuse.com/api/public/jobsapi_key=88eefa8555a8928cc9a4013f6b959ab5be20e1ca3da940f35888801816e9c5ed&page=1&category=Accounting&category=Computer%20and%20IT&company=NewYork&location=NewYork","timestamp":"2024-04-14T06:59:19.991Z"}
{"level":"info","message":"requested url: https://www.themuse.com/api/public/jobsapi_key=88eefa8555a8928cc9a4013f6b959ab5be20e1ca3da940f35888801816e9c5ed&page=1&category=Accounting&category=Computer%20and%20IT&company=&location=","timestamp":"2024-04-14T07:22:05.585Z"}
{"level":"info","message":"requested url: https://www.themuse.com/api/public/jobsapi_key=88eefa8555a8928cc9a4013f6b959ab5be20e1ca3da940f35888801816e9c5ed&page=0&category=Accounting&category=Computer%20and%20IT&company=&location=","timestamp":"2024-04-14T07:22:42.138Z"}
{"level":"info","message":"requested url: https://www.themuse.com/api/public/jobsapi_key=88eefa8555a8928cc9a4013f6b959ab5be20e1ca3da940f35888801816e9c5ed&page=0&category=Accounting&category=Computer%20and%20IT&company=&location=","timestamp":"2024-04-14T07:23:17.030Z"}
{"level":"info","message":"requested url: https://www.themuse.com/api/public/jobsapi_key=88eefa8555a8928cc9a4013f6b959ab5be20e1ca3da940f35888801816e9c5ed&page=0&category=Accounting&category=Computer%20and%20IT&company=&location=","timestamp":"2024-04-14T07:24:06.843Z"}
{"level":"info","message":"requested url: https://www.themuse.com/api/public/jobsapi_key=88eefa8555a8928cc9a4013f6b959ab5be20e1ca3da940f35888801816e9c5ed&page=0&category=Accounting&category=Computer%20and%20IT&company=&location=","timestamp":"2024-04-14T07:24:11.076Z"}
{"level":"info","message":"requested url: https://www.themuse.com/api/public/jobsapi_key=88eefa8555a8928cc9a4013f6b959ab5be20e1ca3da940f35888801816e9c5ed&page=0&category=Accounting&category=Computer%20and%20IT&company=&location=","timestamp":"2024-04-14T07:25:03.278Z"}
{"level":"info","message":"requested url: https://www.themuse.com/api/public/jobsapi_key=88eefa8555a8928cc9a4013f6b959ab5be20e1ca3da940f35888801816e9c5ed&page=0&category=Accounting&category=Computer%20and%20IT&company=&location=","timestamp":"2024-04-14T07:25:12.612Z"}
{"level":"info","message":"requested url: https://www.themuse.com/api/public/jobsapi_key=88eefa8555a8928cc9a4013f6b959ab5be20e1ca3da940f35888801816e9c5ed&page=0&category=Accounting&category=Computer%20and%20IT&company=&location=","timestamp":"2024-04-14T07:27:14.396Z"}
{"level":"info","message":"requested url: https://www.themuse.com/api/public/jobsapi_key=88eefa8555a8928cc9a4013f6b959ab5be20e1ca3da940f35888801816e9c5ed&page=0&category=Accounting&category=Computer%20and%20IT&company=&location=","timestamp":"2024-04-14T07:27:19.124Z"}
{"level":"info","message":"requested url: https://www.themuse.com/api/public/jobsapi_key=88eefa8555a8928cc9a4013f6b959ab5be20e1ca3da940f35888801816e9c5ed&page=0&category=Accounting&category=Computer%20and%20IT&company=&location=","timestamp":"2024-04-14T07:29:24.508Z"}
{"level":"info","message":"requested url: https://www.themuse.com/api/public/jobsapi_key=88eefa8555a8928cc9a4013f6b959ab5be20e1ca3da940f35888801816e9c5ed&page=0&category=Accounting&category=Computer%20and%20IT&company=&location=","timestamp":"2024-04-14T07:30:47.424Z"}
{"level":"info","message":"requested url: https://www.themuse.com/api/public/jobsapi_key=88eefa8555a8928cc9a4013f6b959ab5be20e1ca3da940f35888801816e9c5ed&page=0&category=Accounting&category=Computer%20and%20IT&company=&location=","timestamp":"2024-04-14T07:31:01.967Z"}
{"level":"info","message":"requested url: https://www.themuse.com/api/public/jobsapi_key=88eefa8555a8928cc9a4013f6b959ab5be20e1ca3da940f35888801816e9c5ed&page=0&category=Accounting&category=Computer%20and%20IT&company=&location=","timestamp":"2024-04-14T07:31:19.833Z"}
{"level":"info","message":"requested url: https://www.themuse.com/api/public/jobsapi_key=88eefa8555a8928cc9a4013f6b959ab5be20e1ca3da940f35888801816e9c5ed&page=0&category=Accounting&category=Computer%20and%20IT&company=&location=","timestamp":"2024-04-14T07:31:23.452Z"}
{"level":"info","message":"requested url: https://www.themuse.com/api/public/jobs0=p&1=a&2=g&3=e&4=%3D&5=0&api_key=88eefa8555a8928cc9a4013f6b959ab5be20e1ca3da940f35888801816e9c5ed&page=0&category=Accounting&category=Computer%20and%20IT","timestamp":"2024-04-14T07:31:33.377Z"}
{"level":"info","message":"requested url: https://www.themuse.com/api/public/jobs0=p&1=a&2=g&3=e&4=%3D&5=0&api_key=88eefa8555a8928cc9a4013f6b959ab5be20e1ca3da940f35888801816e9c5ed&page=0&category=Accounting&category=Computer%20and%20IT","timestamp":"2024-04-14T07:32:03.772Z"}
{"level":"info","message":"requested url: https://www.themuse.com/api/public/jobs0=p&1=a&2=g&3=e&4=%3D&5=0&api_key=88eefa8555a8928cc9a4013f6b959ab5be20e1ca3da940f35888801816e9c5ed&page=0&category=Accounting&category=Computer%20and%20IT","timestamp":"2024-04-14T07:32:06.653Z"}
{"level":"info","message":"requested url: https://www.themuse.com/api/public/jobsapi_key=88eefa8555a8928cc9a4013f6b959ab5be20e1ca3da940f35888801816e9c5ed&page=0&category=Accounting&category=Computer%20and%20IT&urlParams=page%3D0","timestamp":"2024-04-14T07:32:15.498Z"}
{"level":"info","message":"requested url: https://www.themuse.com/api/public/jobs0=p&1=a&2=g&3=e&4=%3D&5=0&api_key=88eefa8555a8928cc9a4013f6b959ab5be20e1ca3da940f35888801816e9c5ed&page=0&category=Accounting&category=Computer%20and%20IT","timestamp":"2024-04-14T07:32:43.769Z"}
{"level":"info","message":"requested url: https://www.themuse.com/api/public/jobsapi_key=88eefa8555a8928cc9a4013f6b959ab5be20e1ca3da940f35888801816e9c5ed&page=0&category=Accounting&category=Computer%20and%20IT","timestamp":"2024-04-14T07:34:59.920Z"}
{"level":"info","message":"requested url: https://www.themuse.com/api/public/jobsapi_key=88eefa8555a8928cc9a4013f6b959ab5be20e1ca3da940f35888801816e9c5ed&page=0&category=Accounting&category=Computer%20and%20IT","timestamp":"2024-04-14T07:35:04.854Z"}
{"level":"info","message":"requested url: https://www.themuse.com/api/public/jobsapi_key=88eefa8555a8928cc9a4013f6b959ab5be20e1ca3da940f35888801816e9c5ed&page=0&category=Accounting&category=Computer%20and%20IT","timestamp":"2024-04-14T07:35:11.377Z"}
{"level":"info","message":"requested url: https://www.themuse.com/api/public/jobsapi_key=88eefa8555a8928cc9a4013f6b959ab5be20e1ca3da940f35888801816e9c5ed&page=0&category=Accounting&category=Computer%20and%20IT&company=Seimens&location=","timestamp":"2024-04-14T07:35:21.072Z"}
{"level":"info","message":"requested url: https://www.themuse.com/api/public/jobsapi_key=88eefa8555a8928cc9a4013f6b959ab5be20e1ca3da940f35888801816e9c5ed&page=0&category=Accounting&category=Computer%20and%20IT&company=Seimens","timestamp":"2024-04-14T07:35:52.208Z"}
{"level":"info","message":"requested url: https://www.themuse.com/api/public/jobsapi_key=88eefa8555a8928cc9a4013f6b959ab5be20e1ca3da940f35888801816e9c5ed&page=0&category=Accounting&category=Computer%20and%20IT","timestamp":"2024-04-14T07:35:56.489Z"}
{"level":"info","message":"requested url: https://www.themuse.com/api/public/jobsapi_key=88eefa8555a8928cc9a4013f6b959ab5be20e1ca3da940f35888801816e9c5ed&page=0&category=Accounting&category=Computer%20and%20IT&company=Seimens","timestamp":"2024-04-14T07:36:02.667Z"}
{"level":"info","message":"requested url: https://www.themuse.com/api/public/jobsapi_key=88eefa8555a8928cc9a4013f6b959ab5be20e1ca3da940f35888801816e9c5ed&page=0&category=Accounting&category=Computer%20and%20IT","timestamp":"2024-04-14T07:36:31.797Z"}
{"level":"info","message":"requested url: https://www.themuse.com/api/public/jobsapi_key=88eefa8555a8928cc9a4013f6b959ab5be20e1ca3da940f35888801816e9c5ed&page=0&category=Accounting&category=Computer%20and%20IT&company=Siemens","timestamp":"2024-04-14T07:36:47.713Z"}
{"level":"info","message":"requested url: https://www.themuse.com/api/public/jobsapi_key=88eefa8555a8928cc9a4013f6b959ab5be20e1ca3da940f35888801816e9c5ed&page=1&category=Accounting&category=Computer%20and%20IT&company=Siemens","timestamp":"2024-04-14T07:37:04.614Z"}
{"level":"info","message":"requested url: https://www.themuse.com/api/public/jobsapi_key=88eefa8555a8928cc9a4013f6b959ab5be20e1ca3da940f35888801816e9c5ed&page=1&category=Accounting&category=Computer%20and%20IT&company=Siemens&level=Entry%20Level","timestamp":"2024-04-14T07:37:15.585Z"}
{"level":"info","message":"requested url: https://www.themuse.com/api/public/jobsapi_key=88eefa8555a8928cc9a4013f6b959ab5be20e1ca3da940f35888801816e9c5ed&page=1&category=Accounting&category=Computer%20and%20IT&company=Siemens&level=Entry%20Level&level=Mid%20Level","timestamp":"2024-04-14T07:37:51.525Z"}
{"level":"info","message":"requested url: https://www.themuse.com/api/public/jobsapi_key=88eefa8555a8928cc9a4013f6b959ab5be20e1ca3da940f35888801816e9c5ed&page=1&category=Accounting&category=Computer%20and%20IT&level=Entry%20Level&level=Mid%20Level&location=Bad%20Mergentheim%2C%20Germany","timestamp":"2024-04-14T07:37:55.909Z"}
{"level":"info","message":"requested url: https://www.themuse.com/api/public/jobsapi_key=88eefa8555a8928cc9a4013f6b959ab5be20e1ca3da940f35888801816e9c5ed&page=0&category=Accounting&category=Computer%20and%20IT&level=Entry%20Level&level=Mid%20Level&location=Bad%20Mergentheim%2C%20Germany","timestamp":"2024-04-14T07:38:24.078Z"}
{"level":"info","message":"requested url: https://www.themuse.com/api/public/jobsapi_key=88eefa8555a8928cc9a4013f6b959ab5be20e1ca3da940f35888801816e9c5ed&page=0&category=Accounting&category=Computer%20and%20IT&location=Bad%20Mergentheim%2C%20Germany","timestamp":"2024-04-14T07:38:55.355Z"}
{"level":"info","message":"requested url: https://www.themuse.com/api/public/jobsapi_key=88eefa8555a8928cc9a4013f6b959ab5be20e1ca3da940f35888801816e9c5ed&page=0&category=Accounting&category=Computer%20and%20IT","timestamp":"2024-04-14T07:43:02.848Z"}
{"level":"info","message":"requested url: https://www.themuse.com/api/public/jobsapi_key=88eefa8555a8928cc9a4013f6b959ab5be20e1ca3da940f35888801816e9c5ed&page=0&category=Accounting&category=Computer%20and%20IT&location=Erlangen%2C%20Germany%20","timestamp":"2024-04-14T07:43:13.399Z"}
{"level":"info","message":"requested url: https://www.themuse.com/api/public/jobsapi_key=88eefa8555a8928cc9a4013f6b959ab5be20e1ca3da940f35888801816e9c5ed&page=0&category=Accounting&category=Computer%20and%20IT&location=Erlangen%2C%20Germany%20","timestamp":"2024-04-14T07:45:00.709Z"}
{"level":"info","message":"requested url: https://www.themuse.com/api/public/jobsapi_key=88eefa8555a8928cc9a4013f6b959ab5be20e1ca3da940f35888801816e9c5ed&page=0&category=Accounting&category=Computer%20and%20IT","timestamp":"2024-04-14T07:52:41.692Z"}
{"level":"info","message":"requested url: https://www.themuse.com/api/public/jobsapi_key=88eefa8555a8928cc9a4013f6b959ab5be20e1ca3da940f35888801816e9c5ed&page=1&category=Accounting&category=Computer%20and%20IT","timestamp":"2024-04-14T07:53:02.547Z"}
{"level":"info","message":"requested url: https://www.themuse.com/api/public/jobsapi_key=88eefa8555a8928cc9a4013f6b959ab5be20e1ca3da940f35888801816e9c5ed&page=1&category=Accounting&category=Computer%20and%20IT&level=Mid%20Level","timestamp":"2024-04-14T07:53:08.573Z"}
{"level":"info","message":"requested url: https://www.themuse.com/api/public/jobsapi_key=88eefa8555a8928cc9a4013f6b959ab5be20e1ca3da940f35888801816e9c5ed&page=0&category=Accounting&category=Computer%20and%20IT&level=Mid%20Level","timestamp":"2024-04-14T07:55:58.155Z"}
{"level":"info","message":"requested url: https://www.themuse.com/api/public/jobsapi_key=88eefa8555a8928cc9a4013f6b959ab5be20e1ca3da940f35888801816e9c5ed&page=0&category=Accounting&category=Computer%20and%20IT","timestamp":"2024-04-14T07:56:07.171Z"}
{"level":"info","message":"requested url: https://www.themuse.com/api/public/jobsapi_key=88eefa8555a8928cc9a4013f6b959ab5be20e1ca3da940f35888801816e9c5ed&page=0&category=Accounting&category=Computer%20and%20IT&level=Senior%20Level","timestamp":"2024-04-14T07:56:12.402Z"}
{"level":"info","message":"requested url: https://www.themuse.com/api/public/jobsapi_key=88eefa8555a8928cc9a4013f6b959ab5be20e1ca3da940f35888801816e9c5ed&page=1&category=Accounting&category=Computer%20and%20IT&level=Senior%20Level","timestamp":"2024-04-14T07:56:18.545Z"}
{"level":"info","message":"requested url: https://www.themuse.com/api/public/jobsapi_key=88eefa8555a8928cc9a4013f6b959ab5be20e1ca3da940f35888801816e9c5ed&page=1&category=Accounting&category=Computer%20and%20IT&level=Senior%20Level","timestamp":"2024-04-14T07:56:40.710Z"}
{"level":"info","message":"requested url: https://www.themuse.com/api/public/jobsapi_key=88eefa8555a8928cc9a4013f6b959ab5be20e1ca3da940f35888801816e9c5ed&page=0&category=Accounting&category=Computer%20and%20IT&level=Senior%20Level","timestamp":"2024-04-14T07:56:40.730Z"}
{"level":"info","message":"requested url: https://www.themuse.com/api/public/jobsapi_key=88eefa8555a8928cc9a4013f6b959ab5be20e1ca3da940f35888801816e9c5ed&page=99&category=Accounting&category=Computer%20and%20IT&level=Senior%20Level","timestamp":"2024-04-14T07:56:47.000Z"}
{"level":"info","message":"requested url: https://www.themuse.com/api/public/jobsapi_key=88eefa8555a8928cc9a4013f6b959ab5be20e1ca3da940f35888801816e9c5ed&page=99&category=IT&level=Senior%20Level","timestamp":"2024-04-14T07:56:55.022Z"}
{"level":"info","message":"requested url: https://www.themuse.com/api/public/jobsapi_key=88eefa8555a8928cc9a4013f6b959ab5be20e1ca3da940f35888801816e9c5ed&page=0&category=IT&level=Senior%20Level","timestamp":"2024-04-14T07:56:55.048Z"}
{"level":"info","message":"requested url: https://www.themuse.com/api/public/jobsapi_key=88eefa8555a8928cc9a4013f6b959ab5be20e1ca3da940f35888801816e9c5ed&page=0&category=Accounting&category=Computer%20and%20IT","timestamp":"2024-04-14T07:57:09.412Z"}
{"level":"info","message":"requested url: https://www.themuse.com/api/public/jobsapi_key=88eefa8555a8928cc9a4013f6b959ab5be20e1ca3da940f35888801816e9c5ed&page=0&category=Accounting&category=Computer%20and%20IT","timestamp":"2024-04-14T09:53:00.509Z"}
{"level":"info","message":"requested url: https://www.themuse.com/api/public/jobsapi_key=88eefa8555a8928cc9a4013f6b959ab5be20e1ca3da940f35888801816e9c5ed&page=0&category=Accounting&category=Computer%20and%20IT","timestamp":"2024-04-14T09:54:21.936Z"}
{"level":"info","message":"requested url: https://www.themuse.com/api/public/jobsapi_key=88eefa8555a8928cc9a4013f6b959ab5be20e1ca3da940f35888801816e9c5ed&page=0&category=Accounting&category=Computer%20and%20IT","timestamp":"2024-04-14T09:58:48.700Z"}
{"level":"info","message":"requested url: https://www.themuse.com/api/public/jobsapi_key=88eefa8555a8928cc9a4013f6b959ab5be20e1ca3da940f35888801816e9c5ed&page=0&category=Accounting&category=Computer%20and%20IT","timestamp":"2024-04-14T09:59:06.501Z"}
{"level":"info","message":"requested url: https://www.themuse.com/api/public/jobsapi_key=88eefa8555a8928cc9a4013f6b959ab5be20e1ca3da940f35888801816e9c5ed&page=0&category=Accounting&category=Computer%20and%20IT","timestamp":"2024-04-14T10:01:00.396Z"}
{"level":"info","message":"requested url: https://www.themuse.com/api/public/jobsapi_key=88eefa8555a8928cc9a4013f6b959ab5be20e1ca3da940f35888801816e9c5ed&page=0&category=Accounting&category=Computer%20and%20IT","timestamp":"2024-04-14T10:06:22.518Z"}
{"level":"info","message":"requested url: https://www.themuse.com/api/public/jobsapi_key=88eefa8555a8928cc9a4013f6b959ab5be20e1ca3da940f35888801816e9c5ed&page=0&category=Accounting&category=Computer%20and%20IT","timestamp":"2024-04-14T10:07:22.550Z"}
{"level":"info","message":"requested url: https://www.themuse.com/api/public/jobsapi_key=88eefa8555a8928cc9a4013f6b959ab5be20e1ca3da940f35888801816e9c5ed&page=0&category=Accounting&category=Computer%20and%20IT&descending=true","timestamp":"2024-04-14T10:07:54.806Z"}
{"level":"info","message":"requested url: https://www.themuse.com/api/public/jobsapi_key=88eefa8555a8928cc9a4013f6b959ab5be20e1ca3da940f35888801816e9c5ed&page=0&category=Accounting&category=Computer%20and%20IT&descending=false","timestamp":"2024-04-14T10:08:00.917Z"}
{"level":"info","message":"requested url: https://www.themuse.com/api/public/jobsapi_key=88eefa8555a8928cc9a4013f6b959ab5be20e1ca3da940f35888801816e9c5ed&page=0&category=Accounting&category=Computer%20and%20IT&descending=true","timestamp":"2024-04-14T10:08:24.586Z"}
{"level":"info","message":"requested url: https://www.themuse.com/api/public/jobsapi_key=88eefa8555a8928cc9a4013f6b959ab5be20e1ca3da940f35888801816e9c5ed&page=0&category=Accounting&category=Computer%20and%20IT&descending=false","timestamp":"2024-04-14T10:08:53.728Z"}
{"level":"info","message":"requested url: https://www.themuse.com/api/public/jobsapi_key=88eefa8555a8928cc9a4013f6b959ab5be20e1ca3da940f35888801816e9c5ed&page=0&category=Accounting&category=Computer%20and%20IT&descending=true","timestamp":"2024-04-14T10:09:12.173Z"}
{"level":"info","message":"requested url: https://www.themuse.com/api/public/jobsapi_key=88eefa8555a8928cc9a4013f6b959ab5be20e1ca3da940f35888801816e9c5ed&page=1&category=Accounting&category=Computer%20and%20IT&descending=true","timestamp":"2024-04-14T10:09:22.149Z"}
{"level":"info","message":"requested url: https://www.themuse.com/api/public/jobsapi_key=88eefa8555a8928cc9a4013f6b959ab5be20e1ca3da940f35888801816e9c5ed&page=1&category=Accounting&category=Computer%20and%20IT&descending=false","timestamp":"2024-04-14T10:09:25.966Z"}
{"level":"info","message":"requested url: https://www.themuse.com/api/public/jobsapi_key=88eefa8555a8928cc9a4013f6b959ab5be20e1ca3da940f35888801816e9c5ed&page=1&category=Accounting&category=Computer%20and%20IT&descending=true","timestamp":"2024-04-14T10:09:31.575Z"}
{"level":"info","message":"requested url: https://www.themuse.com/api/public/jobsapi_key=88eefa8555a8928cc9a4013f6b959ab5be20e1ca3da940f35888801816e9c5ed&page=1&category=Accounting&category=Computer%20and%20IT&descending=true","timestamp":"2024-04-14T10:10:05.489Z"}
{"level":"info","message":"requested url: https://www.themuse.com/api/public/jobsapi_key=88eefa8555a8928cc9a4013f6b959ab5be20e1ca3da940f35888801816e9c5ed&page=0&category=Accounting&category=Computer%20and%20IT&descending=true","timestamp":"2024-04-14T10:10:05.523Z"}
{"level":"info","message":"requested url: https://www.themuse.com/api/public/jobsapi_key=88eefa8555a8928cc9a4013f6b959ab5be20e1ca3da940f35888801816e9c5ed&page=0&category=Accounting&category=Computer%20and%20IT&descending=true","timestamp":"2024-04-14T10:10:08.819Z"}
{"level":"info","message":"requested url: https://www.themuse.com/api/public/jobsapi_key=88eefa8555a8928cc9a4013f6b959ab5be20e1ca3da940f35888801816e9c5ed&page=0&category=Accounting&category=Computer%20and%20IT&descending=true","timestamp":"2024-04-14T10:11:53.891Z"}
{"level":"info","message":"requested url: https://www.themuse.com/api/public/jobsapi_key=88eefa8555a8928cc9a4013f6b959ab5be20e1ca3da940f35888801816e9c5ed&page=0&category=Accounting&category=Computer%20and%20IT&descending=false","timestamp":"2024-04-14T10:11:57.200Z"}
{"level":"info","message":"requested url: https://www.themuse.com/api/public/jobsapi_key=88eefa8555a8928cc9a4013f6b959ab5be20e1ca3da940f35888801816e9c5ed&page=0&category=Accounting&category=Computer%20and%20IT&descending=false","timestamp":"2024-04-14T10:11:59.605Z"}
{"level":"info","message":"requested url: https://www.themuse.com/api/public/jobsapi_key=88eefa8555a8928cc9a4013f6b959ab5be20e1ca3da940f35888801816e9c5ed&page=0&category=Accounting&category=Computer%20and%20IT&descending=false","timestamp":"2024-04-14T10:12:05.909Z"}
{"level":"info","message":"requested url: https://www.themuse.com/api/public/jobsapi_key=88eefa8555a8928cc9a4013f6b959ab5be20e1ca3da940f35888801816e9c5ed&page=0&category=Accounting&category=Computer%20and%20IT&descending=false","timestamp":"2024-04-14T10:12:29.982Z"}
{"level":"info","message":"requested url: https://www.themuse.com/api/public/jobsapi_key=88eefa8555a8928cc9a4013f6b959ab5be20e1ca3da940f35888801816e9c5ed&page=0&category=Accounting&category=Computer%20and%20IT&descending=false","timestamp":"2024-04-14T10:12:33.217Z"}
{"level":"info","message":"requested url: https://www.themuse.com/api/public/jobsapi_key=88eefa8555a8928cc9a4013f6b959ab5be20e1ca3da940f35888801816e9c5ed&page=0&category=Accounting&category=Computer%20and%20IT&descending=false","timestamp":"2024-04-14T10:12:36.767Z"}
{"level":"info","message":"requested url: https://www.themuse.com/api/public/jobsapi_key=88eefa8555a8928cc9a4013f6b959ab5be20e1ca3da940f35888801816e9c5ed&page=0&category=Accounting&category=Computer%20and%20IT&descending=false","timestamp":"2024-04-14T10:12:46.316Z"}
{"level":"info","message":"requested url: https://www.themuse.com/api/public/jobsapi_key=88eefa8555a8928cc9a4013f6b959ab5be20e1ca3da940f35888801816e9c5ed&page=0&category=Accounting&category=Computer%20and%20IT&descending=false","timestamp":"2024-04-14T10:13:02.646Z"}
{"level":"info","message":"requested url: https://www.themuse.com/api/public/jobsapi_key=88eefa8555a8928cc9a4013f6b959ab5be20e1ca3da940f35888801816e9c5ed&page=0&category=Accounting&category=Computer%20and%20IT&descending=false","timestamp":"2024-04-14T10:13:09.990Z"}
{"level":"info","message":"requested url: https://www.themuse.com/api/public/jobsapi_key=88eefa8555a8928cc9a4013f6b959ab5be20e1ca3da940f35888801816e9c5ed&page=0&category=Accounting&category=Computer%20and%20IT&descending=false","timestamp":"2024-04-14T10:13:28.885Z"}
{"level":"info","message":"requested url: https://www.themuse.com/api/public/jobsapi_key=88eefa8555a8928cc9a4013f6b959ab5be20e1ca3da940f35888801816e9c5ed&page=0&category=Accounting&category=Computer%20and%20IT&descending=true","timestamp":"2024-04-14T10:13:49.662Z"}
{"level":"info","message":"requested url: https://www.themuse.com/api/public/jobsapi_key=88eefa8555a8928cc9a4013f6b959ab5be20e1ca3da940f35888801816e9c5ed&page=0&category=Accounting&category=Computer%20and%20IT&descending=false","timestamp":"2024-04-14T10:13:56.275Z"}
{"level":"info","message":"requested url: https://www.themuse.com/api/public/jobsapi_key=88eefa8555a8928cc9a4013f6b959ab5be20e1ca3da940f35888801816e9c5ed&page=0&category=Accounting&category=Computer%20and%20IT&descending=true","timestamp":"2024-04-14T10:13:58.250Z"}
{"level":"info","message":"requested url: https://www.themuse.com/api/public/jobsapi_key=88eefa8555a8928cc9a4013f6b959ab5be20e1ca3da940f35888801816e9c5ed&page=0&category=Accounting&category=Computer%20and%20IT&descending=true","timestamp":"2024-04-14T10:19:59.806Z"}
{"level":"info","message":"requested url: https://www.themuse.com/api/public/jobsapi_key=88eefa8555a8928cc9a4013f6b959ab5be20e1ca3da940f35888801816e9c5ed&page=1&category=Accounting&category=Computer%20and%20IT","timestamp":"2024-04-14T10:20:13.196Z"}
{"level":"info","message":"requested url: https://www.themuse.com/api/public/jobsapi_key=88eefa8555a8928cc9a4013f6b959ab5be20e1ca3da940f35888801816e9c5ed&page=0&category=Accounting&category=Computer%20and%20IT&descending=false","timestamp":"2024-04-14T10:29:42.536Z"}
{"level":"info","message":"requested url: https://www.themuse.com/api/public/jobsapi_key=88eefa8555a8928cc9a4013f6b959ab5be20e1ca3da940f35888801816e9c5ed&page=0&category=Accounting&category=Computer%20and%20IT&descending=false","timestamp":"2024-04-14T10:29:59.524Z"}
{"level":"info","message":"requested url: https://www.themuse.com/api/public/jobsapi_key=88eefa8555a8928cc9a4013f6b959ab5be20e1ca3da940f35888801816e9c5ed&page=0&category=Accounting&category=Computer%20and%20IT&descending=false","timestamp":"2024-04-14T10:30:26.426Z"}
{"level":"info","message":"requested url: https://www.themuse.com/api/public/jobsapi_key=88eefa8555a8928cc9a4013f6b959ab5be20e1ca3da940f35888801816e9c5ed&page=0&category=Accounting&category=Computer%20and%20IT&descending=true","timestamp":"2024-04-14T10:30:35.641Z"}
{"level":"info","message":"requested url: https://www.themuse.com/api/public/jobsapi_key=88eefa8555a8928cc9a4013f6b959ab5be20e1ca3da940f35888801816e9c5ed&page=0&category=Accounting&category=Computer%20and%20IT&descending=true","timestamp":"2024-04-14T10:31:05.879Z"}
{"level":"info","message":"requested url: https://www.themuse.com/api/public/jobsapi_key=88eefa8555a8928cc9a4013f6b959ab5be20e1ca3da940f35888801816e9c5ed&page=0&category=Accounting&category=Computer%20and%20IT&descending=false","timestamp":"2024-04-14T10:31:22.157Z"}
{"level":"info","message":"requested url: https://www.themuse.com/api/public/jobsapi_key=88eefa8555a8928cc9a4013f6b959ab5be20e1ca3da940f35888801816e9c5ed&page=0&category=Accounting&category=Computer%20and%20IT&descending=true","timestamp":"2024-04-14T10:31:25.851Z"}
{"level":"info","message":"requested url: https://www.themuse.com/api/public/jobsapi_key=88eefa8555a8928cc9a4013f6b959ab5be20e1ca3da940f35888801816e9c5ed&page=0&category=Accounting&category=Computer%20and%20IT&descending=false","timestamp":"2024-04-14T10:31:29.953Z"}
{"level":"info","message":"requested url: https://www.themuse.com/api/public/jobsapi_key=88eefa8555a8928cc9a4013f6b959ab5be20e1ca3da940f35888801816e9c5ed&page=0&category=Accounting&category=Computer%20and%20IT&descending=true","timestamp":"2024-04-14T10:31:32.150Z"}
{"level":"info","message":"requested url: https://www.themuse.com/api/public/jobsapi_key=88eefa8555a8928cc9a4013f6b959ab5be20e1ca3da940f35888801816e9c5ed&page=0&category=Accounting&category=Computer%20and%20IT&descending=false","timestamp":"2024-04-14T10:33:52.150Z"}
{"level":"info","message":"requested url: https://www.themuse.com/api/public/jobsapi_key=88eefa8555a8928cc9a4013f6b959ab5be20e1ca3da940f35888801816e9c5ed&page=0&category=Accounting&category=Computer%20and%20IT&descending=false","timestamp":"2024-04-14T10:34:05.826Z"}
{"level":"info","message":"requested url: https://www.themuse.com/api/public/jobsapi_key=88eefa8555a8928cc9a4013f6b959ab5be20e1ca3da940f35888801816e9c5ed&page=0&category=Accounting&category=Computer%20and%20IT&descending=false","timestamp":"2024-04-14T10:43:12.600Z"}
{"level":"info","message":"requested url: https://www.themuse.com/api/public/jobsapi_key=88eefa8555a8928cc9a4013f6b959ab5be20e1ca3da940f35888801816e9c5ed&page=0&category=Accounting&category=Computer%20and%20IT&descending=false&level=Entry%20Level","timestamp":"2024-04-14T10:43:20.164Z"}
{"level":"info","message":"requested url: https://www.themuse.com/api/public/jobsapi_key=88eefa8555a8928cc9a4013f6b959ab5be20e1ca3da940f35888801816e9c5ed&page=0&category=Accounting&category=Computer%20and%20IT&descending=false","timestamp":"2024-04-14T10:44:19.373Z"}
{"level":"info","message":"requested url: https://www.themuse.com/api/public/jobsapi_key=88eefa8555a8928cc9a4013f6b959ab5be20e1ca3da940f35888801816e9c5ed&page=0&category=Accounting&category=Computer%20and%20IT&descending=false&location=Bad%20Mergentheim%2C%20Germany","timestamp":"2024-04-14T10:44:27.552Z"}
{"level":"info","message":"requested url: https://www.themuse.com/api/public/jobsapi_key=88eefa8555a8928cc9a4013f6b959ab5be20e1ca3da940f35888801816e9c5ed&page=0&category=Accounting&category=Computer%20and%20IT&descending=false&location=Bad%20Mergentheim%2C%20Germany","timestamp":"2024-04-14T10:45:47.284Z"}
{"level":"info","message":"requested url: https://www.themuse.com/api/public/jobsapi_key=88eefa8555a8928cc9a4013f6b959ab5be20e1ca3da940f35888801816e9c5ed&page=0&category=Accounting&category=Computer%20and%20IT&descending=false","timestamp":"2024-04-14T10:45:52.160Z"}
{"level":"info","message":"requested url: https://www.themuse.com/api/public/jobsapi_key=88eefa8555a8928cc9a4013f6b959ab5be20e1ca3da940f35888801816e9c5ed&page=0&category=Accounting&category=Computer%20and%20IT&descending=false","timestamp":"2024-04-14T10:46:39.150Z"}
{"level":"info","message":"requested url: https://www.themuse.com/api/public/jobsapi_key=88eefa8555a8928cc9a4013f6b959ab5be20e1ca3da940f35888801816e9c5ed&page=0&category=Accounting&category=Computer%20and%20IT&descending=false","timestamp":"2024-04-14T10:47:00.030Z"}
{"level":"info","message":"requested url: https://www.themuse.com/api/public/jobsapi_key=88eefa8555a8928cc9a4013f6b959ab5be20e1ca3da940f35888801816e9c5ed&page=0&category=Accounting&category=Computer%20and%20IT&descending=false","timestamp":"2024-04-14T10:47:58.896Z"}
{"level":"info","message":"requested url: https://www.themuse.com/api/public/jobsapi_key=88eefa8555a8928cc9a4013f6b959ab5be20e1ca3da940f35888801816e9c5ed&page=0&category=Accounting&category=Computer%20and%20IT&descending=false&location=Erlangen%2C%20Germany","timestamp":"2024-04-14T10:48:16.032Z"}
{"level":"info","message":"requested url: https://www.themuse.com/api/public/jobsapi_key=88eefa8555a8928cc9a4013f6b959ab5be20e1ca3da940f35888801816e9c5ed&page=0&category=Accounting&category=Computer%20and%20IT&descending=true&location=Erlangen%2C%20Germany","timestamp":"2024-04-14T10:48:27.543Z"}
{"level":"info","message":"requested url: https://www.themuse.com/api/public/jobsapi_key=88eefa8555a8928cc9a4013f6b959ab5be20e1ca3da940f35888801816e9c5ed&page=0&category=Accounting&category=Computer%20and%20IT&descending=false&location=Erlangen%2C%20Germany","timestamp":"2024-04-14T10:48:32.614Z"}
{"level":"info","message":"requested url: https://www.themuse.com/api/public/jobsapi_key=88eefa8555a8928cc9a4013f6b959ab5be20e1ca3da940f35888801816e9c5ed&page=0&category=Accounting&category=Computer%20and%20IT&descending=false&location=Erlangen%2C%20Germany","timestamp":"2024-04-14T10:49:05.926Z"}
{"level":"info","message":"requested url: https://www.themuse.com/api/public/jobsapi_key=88eefa8555a8928cc9a4013f6b959ab5be20e1ca3da940f35888801816e9c5ed&page=0&category=Accounting&category=Computer%20and%20IT&descending=false","timestamp":"2024-04-14T10:49:09.603Z"}
{"level":"info","message":"requested url: https://www.themuse.com/api/public/jobsapi_key=88eefa8555a8928cc9a4013f6b959ab5be20e1ca3da940f35888801816e9c5ed&page=0&category=IT&descending=false","timestamp":"2024-04-14T10:49:14.491Z"}
{"level":"info","message":"requested url: https://www.themuse.com/api/public/jobsapi_key=88eefa8555a8928cc9a4013f6b959ab5be20e1ca3da940f35888801816e9c5ed&page=0&category=IT&category=Engineering&descending=false","timestamp":"2024-04-14T10:49:16.249Z"}
{"level":"info","message":"requested url: https://www.themuse.com/api/public/jobsapi_key=88eefa8555a8928cc9a4013f6b959ab5be20e1ca3da940f35888801816e9c5ed&page=0&category=Engineering&descending=false","timestamp":"2024-04-14T10:49:18.361Z"}
{"level":"info","message":"requested url: https://www.themuse.com/api/public/jobsapi_key=88eefa8555a8928cc9a4013f6b959ab5be20e1ca3da940f35888801816e9c5ed&page=0&category=Engineering&category=IT&descending=false","timestamp":"2024-04-14T10:49:19.797Z"}
{"level":"info","message":"requested url: https://www.themuse.com/api/public/jobsapi_key=88eefa8555a8928cc9a4013f6b959ab5be20e1ca3da940f35888801816e9c5ed&page=0&category=IT&descending=false","timestamp":"2024-04-14T10:49:21.116Z"}
{"level":"info","message":"requested url: https://www.themuse.com/api/public/jobsapi_key=88eefa8555a8928cc9a4013f6b959ab5be20e1ca3da940f35888801816e9c5ed&page=0&category=Accounting&category=Computer%20and%20IT&descending=false","timestamp":"2024-04-14T10:49:22.864Z"}
{"level":"info","message":"requested url: https://www.themuse.com/api/public/jobsapi_key=88eefa8555a8928cc9a4013f6b959ab5be20e1ca3da940f35888801816e9c5ed&page=0&category=Accounting&category=Computer%20and%20IT&descending=false","timestamp":"2024-04-14T11:07:42.305Z"}
{"level":"info","message":"requested url: https://www.themuse.com/api/public/jobsapi_key=88eefa8555a8928cc9a4013f6b959ab5be20e1ca3da940f35888801816e9c5ed&page=0&category=Accounting&category=Computer%20and%20IT&descending=false","timestamp":"2024-04-14T11:08:09.400Z"}
{"level":"info","message":"requested url: https://www.themuse.com/api/public/jobsapi_key=88eefa8555a8928cc9a4013f6b959ab5be20e1ca3da940f35888801816e9c5ed&page=0&category=Accounting&category=Computer%20and%20IT&descending=false","timestamp":"2024-04-14T11:10:45.464Z"}
{"level":"info","message":"requested url: https://www.themuse.com/api/public/jobsapi_key=88eefa8555a8928cc9a4013f6b959ab5be20e1ca3da940f35888801816e9c5ed&page=0&category=Accounting&category=Computer%20and%20IT&descending=false","timestamp":"2024-04-14T11:14:50.088Z"}
{"level":"info","message":"requested url: https://www.themuse.com/api/public/jobsapi_key=88eefa8555a8928cc9a4013f6b959ab5be20e1ca3da940f35888801816e9c5ed&page=0&category=Accounting&category=Computer%20and%20IT&descending=false","timestamp":"2024-04-14T11:16:53.768Z"}
{"level":"info","message":"requested url: https://www.themuse.com/api/public/jobsapi_key=88eefa8555a8928cc9a4013f6b959ab5be20e1ca3da940f35888801816e9c5ed&page=0&category=Accounting&category=Computer%20and%20IT&descending=false","timestamp":"2024-04-14T11:17:34.719Z"}
{"level":"info","message":"requested url: https://www.themuse.com/api/public/jobsapi_key=88eefa8555a8928cc9a4013f6b959ab5be20e1ca3da940f35888801816e9c5ed&page=1&category=Accounting&category=Computer%20and%20IT","timestamp":"2024-04-14T11:17:48.727Z"}
{"level":"info","message":"requested url: https://www.themuse.com/api/public/jobsapi_key=88eefa8555a8928cc9a4013f6b959ab5be20e1ca3da940f35888801816e9c5ed&page=99&category=Accounting&category=Computer%20and%20IT&descending=false","timestamp":"2024-04-14T11:18:16.767Z"}
{"level":"info","message":"requested url: https://www.themuse.com/api/public/jobsapi_key=88eefa8555a8928cc9a4013f6b959ab5be20e1ca3da940f35888801816e9c5ed&page=99&category=Accounting&category=Computer%20and%20IT&company=Capgemini&descending=false","timestamp":"2024-04-14T11:18:29.193Z"}
{"level":"info","message":"requested url: https://www.themuse.com/api/public/jobsapi_key=88eefa8555a8928cc9a4013f6b959ab5be20e1ca3da940f35888801816e9c5ed&page=0&category=Accounting&category=Computer%20and%20IT&company=Capgemini&descending=false","timestamp":"2024-04-14T11:18:29.216Z"}
{"level":"info","message":"requested url: https://www.themuse.com/api/public/jobsapi_key=88eefa8555a8928cc9a4013f6b959ab5be20e1ca3da940f35888801816e9c5ed&page=0&category=Accounting&category=Computer%20and%20IT&company=Capgemini&descending=false&level=Entry%20Level","timestamp":"2024-04-14T11:18:38.220Z"}
{"level":"info","message":"requested url: https://www.themuse.com/api/public/jobsapi_key=88eefa8555a8928cc9a4013f6b959ab5be20e1ca3da940f35888801816e9c5ed&page=0&category=Accounting&category=Computer%20and%20IT&company=Capgemini&descending=false","timestamp":"2024-04-14T11:18:43.164Z"}
{"level":"info","message":"requested url: https://www.themuse.com/api/public/jobsapi_key=88eefa8555a8928cc9a4013f6b959ab5be20e1ca3da940f35888801816e9c5ed&page=0&category=Accounting&category=Computer%20and%20IT&company=Capgemini&descending=false&level=Mid%20Level","timestamp":"2024-04-14T11:19:29.261Z"}
{"level":"info","message":"requested url: https://www.themuse.com/api/public/jobsapi_key=88eefa8555a8928cc9a4013f6b959ab5be20e1ca3da940f35888801816e9c5ed&page=0&category=Accounting&category=Computer%20and%20IT&company=Capgemini&descending=true&level=Mid%20Level","timestamp":"2024-04-14T11:19:39.193Z"}
{"level":"info","message":"requested url: https://www.themuse.com/api/public/jobsapi_key=88eefa8555a8928cc9a4013f6b959ab5be20e1ca3da940f35888801816e9c5ed&page=0&category=Accounting&category=Computer%20and%20IT&company=Capgemini&descending=false&level=Mid%20Level","timestamp":"2024-04-14T11:19:46.768Z"}
{"level":"info","message":"requested url: https://www.themuse.com/api/public/jobsapi_key=88eefa8555a8928cc9a4013f6b959ab5be20e1ca3da940f35888801816e9c5ed&page=0&category=Accounting&category=Computer%20and%20IT&company=Capgemini&descending=true&level=Mid%20Level","timestamp":"2024-04-14T11:19:50.450Z"}
{"level":"info","message":"requested url: https://www.themuse.com/api/public/jobsapi_key=88eefa8555a8928cc9a4013f6b959ab5be20e1ca3da940f35888801816e9c5ed&page=0&category=Accounting&category=Computer%20and%20IT&company=Capgemini&descending=false&level=Mid%20Level","timestamp":"2024-04-14T11:20:16.238Z"}
{"level":"info","message":"requested url: https://www.themuse.com/api/public/jobsapi_key=88eefa8555a8928cc9a4013f6b959ab5be20e1ca3da940f35888801816e9c5ed&page=0&category=Accounting&category=Computer%20and%20IT&company=Capgemini&descending=false&level=Mid%20Level&level=Senior%20Level","timestamp":"2024-04-14T11:20:41.835Z"}
{"level":"info","message":"requested url: https://www.themuse.com/api/public/jobsapi_key=88eefa8555a8928cc9a4013f6b959ab5be20e1ca3da940f35888801816e9c5ed&page=0&category=Accounting&category=Computer%20and%20IT&company=Capgemini&descending=true&level=Mid%20Level&level=Senior%20Level","timestamp":"2024-04-14T11:20:48.281Z"}
{"level":"info","message":"requested url: https://www.themuse.com/api/public/jobsapi_key=88eefa8555a8928cc9a4013f6b959ab5be20e1ca3da940f35888801816e9c5ed&page=0&category=Accounting&category=Computer%20and%20IT&company=Capgemini&descending=false&level=Mid%20Level&level=Senior%20Level","timestamp":"2024-04-14T11:20:51.401Z"}
{"level":"info","message":"requested url: https://www.themuse.com/api/public/jobsapi_key=88eefa8555a8928cc9a4013f6b959ab5be20e1ca3da940f35888801816e9c5ed&page=0&category=Accounting&category=Computer%20and%20IT&company=Capgemini&descending=false","timestamp":"2024-04-14T11:21:26.557Z"}
{"level":"info","message":"requested url: https://www.themuse.com/api/public/jobsapi_key=88eefa8555a8928cc9a4013f6b959ab5be20e1ca3da940f35888801816e9c5ed&page=0&category=Accounting&category=Computer%20and%20IT&descending=false","timestamp":"2024-04-14T11:26:41.272Z"}
{"level":"info","message":"Listening on port 3001...","timestamp":"2024-04-14T11:36:55.452Z"}
{"level":"info","message":"Listening on port 3001...","timestamp":"2024-04-14T11:39:30.620Z"}
{"level":"info","message":"Listening on port 3001...","timestamp":"2024-04-14T11:39:57.707Z"}
{"level":"info","message":"Listening on port 3001...","timestamp":"2024-04-14T11:41:25.436Z"}
{"level":"info","message":"Listening on port 3001...","timestamp":"2024-04-14T11:41:28.004Z"}
{"level":"info","message":"Listening on port 3001...","timestamp":"2024-04-14T11:45:10.480Z"}
{"level":"info","message":"Listening on port 3001...","timestamp":"2024-04-14T11:45:18.527Z"}
{"level":"info","message":"requested url: https://www.themuse.com/api/public/jobsapi_key=88eefa8555a8928cc9a4013f6b959ab5be20e1ca3da940f35888801816e9c5ed&page=0&category=Accounting&category=Computer%20and%20IT&descending=false","timestamp":"2024-04-14T11:46:33.085Z"}
{"level":"info","message":"requested url: https://www.themuse.com/api/public/jobsapi_key=88eefa8555a8928cc9a4013f6b959ab5be20e1ca3da940f35888801816e9c5ed&page=1&category=Accounting&category=Computer%20and%20IT","timestamp":"2024-04-14T11:46:48.205Z"}
{"level":"info","message":"Listening on port 3001...","timestamp":"2024-04-14T11:47:34.940Z"}
{"level":"info","message":"requested url: https://www.themuse.com/api/public/jobsapi_key=88eefa8555a8928cc9a4013f6b959ab5be20e1ca3da940f35888801816e9c5ed&page=0&category=Accounting&category=Computer%20and%20IT&descending=false","timestamp":"2024-04-14T11:47:45.866Z"}
{"level":"info","message":"requested url: https://www.themuse.com/api/public/jobsapi_key=88eefa8555a8928cc9a4013f6b959ab5be20e1ca3da940f35888801816e9c5ed&page=0&category=Accounting&category=Computer%20and%20IT&descending=false","timestamp":"2024-04-14T11:54:58.657Z"}
