{"level":"error","timestamp":"2024-04-07T04:54:32.786Z"}
{"level":"error","message":"error: {}","timestamp":"2024-04-07T04:59:59.024Z"}
{"level":"error","message":"error: \"category is not defined\"","timestamp":"2024-04-07T05:00:10.307Z"}
{"level":"error","timestamp":"2024-04-07T05:00:33.017Z"}
{"level":"error","message":"category is not defined","stack":"ReferenceError: category is not defined\n    at getJobs (D:\\Projects\\assignments\\job-finder-backend\\services\\jobService.js:10:39)\n    at D:\\Projects\\assignments\\job-finder-backend\\routes\\jobs.js:8:24\n    at newFn (D:\\Projects\\assignments\\job-finder-backend\\node_modules\\express-async-errors\\index.js:16:20)\n    at Layer.handle [as handle_request] (D:\\Projects\\assignments\\job-finder-backend\\node_modules\\express\\lib\\router\\layer.js:95:5)\n    at next (D:\\Projects\\assignments\\job-finder-backend\\node_modules\\express\\lib\\router\\route.js:149:13)\n    at Route.dispatch (D:\\Projects\\assignments\\job-finder-backend\\node_modules\\express\\lib\\router\\route.js:119:3)\n    at newFn (D:\\Projects\\assignments\\job-finder-backend\\node_modules\\express-async-errors\\index.js:16:20)\n    at Layer.handle [as handle_request] (D:\\Projects\\assignments\\job-finder-backend\\node_modules\\express\\lib\\router\\layer.js:95:5)\n    at D:\\Projects\\assignments\\job-finder-backend\\node_modules\\express\\lib\\router\\index.js:284:15\n    at Function.process_params (D:\\Projects\\assignments\\job-finder-backend\\node_modules\\express\\lib\\router\\index.js:346:12)","timestamp":"2024-04-07T05:01:28.372Z"}
{"level":"error","message":{"code":400,"error":"Not a valid argument for 'page'"},"timestamp":"2024-04-07T05:45:53.056Z"}
{"level":"error","message":{"code":400,"error":"Not a valid argument for 'page'"},"timestamp":"2024-04-07T05:46:18.695Z"}
{"level":"error","message":{"code":400,"error":"Not a valid argument for 'page'"},"timestamp":"2024-04-07T05:46:47.922Z"}
{"level":"error","message":"Unexpected error! : Error: read ECONNRESET","timestamp":"2024-04-10T05:44:18.507Z"}
{"level":"error","message":"Cannot read properties of undefined (reading 'data')","stack":"TypeError: Cannot read properties of undefined (reading 'data')\n    at D:\\Projects\\assignments\\job-finder-backend\\apiService.js:12:40\n    at process.processTicksAndRejections (node:internal/process/task_queues:95:5)\n    at async Axios.request (D:\\Projects\\assignments\\job-finder-backend\\node_modules\\axios\\dist\\node\\axios.cjs:3871:14)\n    at async getJobs (D:\\Projects\\assignments\\job-finder-backend\\services\\jobService.js:11:20)\n    at async D:\\Projects\\assignments\\job-finder-backend\\routes\\jobs.js:8:18","timestamp":"2024-04-10T05:44:18.510Z"}
{"level":"error","message":{"code":400,"error":"Not a valid argument for 'page'"},"timestamp":"2024-04-11T08:05:04.766Z"}
{"level":"error","message":{"code":400,"error":"Not a valid argument for 'page'"},"timestamp":"2024-04-11T08:05:30.724Z"}
{"level":"error","message":{"code":400,"error":"Not a valid argument for 'page'"},"timestamp":"2024-04-11T08:05:31.360Z"}
{"level":"error","message":{"code":400,"error":"Not a valid argument for 'page'"},"timestamp":"2024-04-11T08:06:18.556Z"}
{"level":"error","message":{"code":400,"error":"Not a valid argument for 'page'"},"timestamp":"2024-04-11T08:06:24.200Z"}
{"level":"error","message":"Unexpected error! : Error: read ECONNRESET","timestamp":"2024-04-11T08:07:05.996Z"}
{"level":"error","message":"Cannot read properties of undefined (reading 'data')","stack":"TypeError: Cannot read properties of undefined (reading 'data')\n    at D:\\Projects\\assignments\\job-finder-backend\\apiService.js:12:40\n    at process.processTicksAndRejections (node:internal/process/task_queues:95:5)\n    at async Axios.request (D:\\Projects\\assignments\\job-finder-backend\\node_modules\\axios\\dist\\node\\axios.cjs:3871:14)\n    at async getJobs (D:\\Projects\\assignments\\job-finder-backend\\services\\jobService.js:11:20)\n    at async D:\\Projects\\assignments\\job-finder-backend\\routes\\jobs.js:8:18","timestamp":"2024-04-11T08:07:05.999Z"}
{"level":"error","message":{"code":400,"error":"Not a valid argument for 'page'"},"timestamp":"2024-04-11T08:07:16.824Z"}
{"level":"error","message":{"code":400,"error":"Not a valid argument for 'page'"},"timestamp":"2024-04-11T08:07:40.170Z"}
{"level":"error","message":{"code":400,"error":"Not a valid argument for 'page'"},"timestamp":"2024-04-11T08:10:06.816Z"}
{"level":"error","message":"Unexpected error! : AggregateError","timestamp":"2024-04-11T08:58:23.303Z"}
{"level":"error","message":"Cannot read properties of undefined (reading 'data')","stack":"TypeError: Cannot read properties of undefined (reading 'data')\n    at D:\\Projects\\assignments\\job-finder-backend\\apiService.js:12:40\n    at process.processTicksAndRejections (node:internal/process/task_queues:95:5)\n    at async Axios.request (D:\\Projects\\assignments\\job-finder-backend\\node_modules\\axios\\dist\\node\\axios.cjs:3871:14)\n    at async getJobs (D:\\Projects\\assignments\\job-finder-backend\\services\\jobService.js:11:20)\n    at async D:\\Projects\\assignments\\job-finder-backend\\routes\\jobs.js:8:18","timestamp":"2024-04-11T08:58:23.306Z"}
{"level":"error","message":"Unexpected error! : Error: Client network socket disconnected before secure TLS connection was established","timestamp":"2024-04-11T09:07:31.595Z"}
{"level":"error","message":"Cannot read properties of undefined (reading 'data')","stack":"TypeError: Cannot read properties of undefined (reading 'data')\n    at D:\\Projects\\assignments\\job-finder-backend\\apiService.js:12:40\n    at process.processTicksAndRejections (node:internal/process/task_queues:95:5)\n    at async Axios.request (D:\\Projects\\assignments\\job-finder-backend\\node_modules\\axios\\dist\\node\\axios.cjs:3871:14)\n    at async getJobs (D:\\Projects\\assignments\\job-finder-backend\\services\\jobService.js:11:20)\n    at async D:\\Projects\\assignments\\job-finder-backend\\routes\\jobs.js:8:18","timestamp":"2024-04-11T09:07:31.596Z"}
{"level":"error","message":"Unexpected error! : AggregateError","timestamp":"2024-04-11T09:44:27.782Z"}
{"level":"error","message":"Cannot read properties of undefined (reading 'data')","stack":"TypeError: Cannot read properties of undefined (reading 'data')\n    at D:\\Projects\\assignments\\job-finder-backend\\apiService.js:12:40\n    at process.processTicksAndRejections (node:internal/process/task_queues:95:5)\n    at async Axios.request (D:\\Projects\\assignments\\job-finder-backend\\node_modules\\axios\\dist\\node\\axios.cjs:3871:14)\n    at async getJobs (D:\\Projects\\assignments\\job-finder-backend\\services\\jobService.js:11:20)\n    at async D:\\Projects\\assignments\\job-finder-backend\\routes\\jobs.js:8:18","timestamp":"2024-04-11T09:44:27.784Z"}
{"level":"error","message":"Unexpected error! : Error: socket hang up","timestamp":"2024-04-11T09:58:15.680Z"}
{"level":"error","message":"Cannot read properties of undefined (reading 'data')","stack":"TypeError: Cannot read properties of undefined (reading 'data')\n    at D:\\Projects\\assignments\\job-finder-backend\\apiService.js:12:40\n    at process.processTicksAndRejections (node:internal/process/task_queues:95:5)\n    at async Axios.request (D:\\Projects\\assignments\\job-finder-backend\\node_modules\\axios\\dist\\node\\axios.cjs:3871:14)\n    at async getJobs (D:\\Projects\\assignments\\job-finder-backend\\services\\jobService.js:11:20)\n    at async D:\\Projects\\assignments\\job-finder-backend\\routes\\jobs.js:8:18","timestamp":"2024-04-11T09:58:15.681Z"}
{"level":"error","message":"Unexpected error! : Error: read ECONNRESET","timestamp":"2024-04-11T10:05:44.577Z"}
{"level":"error","message":"Cannot read properties of undefined (reading 'data')","stack":"TypeError: Cannot read properties of undefined (reading 'data')\n    at D:\\Projects\\assignments\\job-finder-backend\\apiService.js:12:40\n    at process.processTicksAndRejections (node:internal/process/task_queues:95:5)\n    at async Axios.request (D:\\Projects\\assignments\\job-finder-backend\\node_modules\\axios\\dist\\node\\axios.cjs:3871:14)\n    at async getJobs (D:\\Projects\\assignments\\job-finder-backend\\services\\jobService.js:11:20)\n    at async D:\\Projects\\assignments\\job-finder-backend\\routes\\jobs.js:8:18","timestamp":"2024-04-11T10:05:44.578Z"}
{"level":"error","message":"Unexpected error! : Error: read ECONNRESET","timestamp":"2024-04-11T11:03:45.476Z"}
{"level":"error","message":"Cannot read properties of undefined (reading 'data')","stack":"TypeError: Cannot read properties of undefined (reading 'data')\n    at D:\\Projects\\assignments\\job-finder-backend\\apiService.js:12:40\n    at process.processTicksAndRejections (node:internal/process/task_queues:95:5)\n    at async Axios.request (D:\\Projects\\assignments\\job-finder-backend\\node_modules\\axios\\dist\\node\\axios.cjs:3871:14)\n    at async getJobs (D:\\Projects\\assignments\\job-finder-backend\\services\\jobService.js:11:20)\n    at async D:\\Projects\\assignments\\job-finder-backend\\routes\\jobs.js:8:18","timestamp":"2024-04-11T11:03:45.477Z"}
{"level":"error","message":"Unexpected error! : Error: read ECONNRESET","timestamp":"2024-04-11T12:35:50.024Z"}
{"level":"error","message":"Cannot read properties of undefined (reading 'data')","stack":"TypeError: Cannot read properties of undefined (reading 'data')\n    at D:\\Projects\\assignments\\job-finder-backend\\apiService.js:12:40\n    at process.processTicksAndRejections (node:internal/process/task_queues:95:5)\n    at async Axios.request (D:\\Projects\\assignments\\job-finder-backend\\node_modules\\axios\\dist\\node\\axios.cjs:3871:14)\n    at async getJobs (D:\\Projects\\assignments\\job-finder-backend\\services\\jobService.js:11:20)\n    at async D:\\Projects\\assignments\\job-finder-backend\\routes\\jobs.js:8:18","timestamp":"2024-04-11T12:35:50.025Z"}
{"level":"error","message":"Unexpected error! : Error: read ECONNRESET","timestamp":"2024-04-11T12:42:42.435Z"}
{"level":"error","message":"Cannot read properties of undefined (reading 'data')","stack":"TypeError: Cannot read properties of undefined (reading 'data')\n    at D:\\Projects\\assignments\\job-finder-backend\\apiService.js:12:40\n    at process.processTicksAndRejections (node:internal/process/task_queues:95:5)\n    at async Axios.request (D:\\Projects\\assignments\\job-finder-backend\\node_modules\\axios\\dist\\node\\axios.cjs:3871:14)\n    at async getJobs (D:\\Projects\\assignments\\job-finder-backend\\services\\jobService.js:11:20)\n    at async D:\\Projects\\assignments\\job-finder-backend\\routes\\jobs.js:8:18","timestamp":"2024-04-11T12:42:42.436Z"}
{"level":"error","message":"Unexpected error! : AggregateError","timestamp":"2024-04-11T18:13:20.064Z"}
{"level":"error","message":"Cannot read properties of undefined (reading 'data')","stack":"TypeError: Cannot read properties of undefined (reading 'data')\n    at D:\\Projects\\assignments\\job-finder-backend\\apiService.js:12:40\n    at process.processTicksAndRejections (node:internal/process/task_queues:95:5)\n    at async Axios.request (D:\\Projects\\assignments\\job-finder-backend\\node_modules\\axios\\dist\\node\\axios.cjs:3871:14)\n    at async getJobs (D:\\Projects\\assignments\\job-finder-backend\\services\\jobService.js:11:20)\n    at async D:\\Projects\\assignments\\job-finder-backend\\routes\\jobs.js:8:18","timestamp":"2024-04-11T18:13:20.065Z"}
{"level":"error","message":"Unexpected error! : AggregateError","timestamp":"2024-04-11T19:22:12.183Z"}
{"level":"error","message":"Cannot read properties of undefined (reading 'data')","stack":"TypeError: Cannot read properties of undefined (reading 'data')\n    at D:\\Projects\\assignments\\job-finder-backend\\apiService.js:12:40\n    at process.processTicksAndRejections (node:internal/process/task_queues:95:5)\n    at async Axios.request (D:\\Projects\\assignments\\job-finder-backend\\node_modules\\axios\\dist\\node\\axios.cjs:3871:14)\n    at async getJobs (D:\\Projects\\assignments\\job-finder-backend\\services\\jobService.js:11:20)\n    at async D:\\Projects\\assignments\\job-finder-backend\\routes\\jobs.js:8:18","timestamp":"2024-04-11T19:22:12.186Z"}
{"level":"error","message":"Unexpected error! : AggregateError","timestamp":"2024-04-11T19:22:12.429Z"}
{"level":"error","message":"Cannot read properties of undefined (reading 'data')","stack":"TypeError: Cannot read properties of undefined (reading 'data')\n    at D:\\Projects\\assignments\\job-finder-backend\\apiService.js:12:40\n    at process.processTicksAndRejections (node:internal/process/task_queues:95:5)\n    at async Axios.request (D:\\Projects\\assignments\\job-finder-backend\\node_modules\\axios\\dist\\node\\axios.cjs:3871:14)\n    at async getJobs (D:\\Projects\\assignments\\job-finder-backend\\services\\jobService.js:11:20)\n    at async D:\\Projects\\assignments\\job-finder-backend\\routes\\jobs.js:8:18","timestamp":"2024-04-11T19:22:12.430Z"}
{"level":"error","message":"Unexpected error! : Error: read ECONNRESET","timestamp":"2024-04-12T06:28:40.283Z"}
{"level":"error","message":"Cannot read properties of undefined (reading 'data')","stack":"TypeError: Cannot read properties of undefined (reading 'data')\n    at D:\\Projects\\assignments\\job-finder-backend\\apiService.js:12:40\n    at process.processTicksAndRejections (node:internal/process/task_queues:95:5)\n    at async Axios.request (D:\\Projects\\assignments\\job-finder-backend\\node_modules\\axios\\dist\\node\\axios.cjs:3871:14)\n    at async getJobs (D:\\Projects\\assignments\\job-finder-backend\\services\\jobService.js:11:20)\n    at async D:\\Projects\\assignments\\job-finder-backend\\routes\\jobs.js:8:18","timestamp":"2024-04-12T06:28:40.288Z"}
{"level":"error","message":{"code":400,"error":"Value `page` is too high"},"timestamp":"2024-04-12T07:24:08.451Z"}
{"level":"error","message":{"code":400,"error":"Value `page` is too high"},"timestamp":"2024-04-12T07:24:30.085Z"}
{"level":"error","message":{"code":400,"error":"Value `page` is too high"},"timestamp":"2024-04-12T07:24:44.062Z"}
{"level":"error","message":{"code":400,"error":"Value `page` is too high"},"timestamp":"2024-04-12T07:24:54.250Z"}
{"level":"error","message":{"code":400,"error":"Value `page` is too high"},"timestamp":"2024-04-12T07:24:57.657Z"}
{"level":"error","message":{"code":400,"error":"Value `page` is too high"},"timestamp":"2024-04-12T07:25:01.069Z"}
{"level":"error","message":{"code":400,"error":"Value `page` is too high"},"timestamp":"2024-04-12T07:25:15.908Z"}
{"level":"error","message":{"code":400,"error":"Value `page` is too high"},"timestamp":"2024-04-12T07:25:28.857Z"}
{"level":"error","message":"Unexpected error! : Error: read ECONNRESET","timestamp":"2024-04-12T10:32:01.941Z"}
{"level":"error","message":"Cannot read properties of undefined (reading 'data')","stack":"TypeError: Cannot read properties of undefined (reading 'data')\n    at D:\\Projects\\assignments\\job-finder-backend\\apiService.js:12:40\n    at process.processTicksAndRejections (node:internal/process/task_queues:95:5)\n    at async Axios.request (D:\\Projects\\assignments\\job-finder-backend\\node_modules\\axios\\dist\\node\\axios.cjs:3871:14)\n    at async getJobs (D:\\Projects\\assignments\\job-finder-backend\\services\\jobService.js:11:20)\n    at async D:\\Projects\\assignments\\job-finder-backend\\routes\\jobs.js:8:18","timestamp":"2024-04-12T10:32:01.943Z"}
{"level":"error","message":"Unexpected error! : Error: getaddrinfo ENOTFOUND www.themuse.com","timestamp":"2024-04-12T13:19:22.231Z"}
{"level":"error","message":"Cannot read properties of undefined (reading 'data')","stack":"TypeError: Cannot read properties of undefined (reading 'data')\n    at D:\\Projects\\assignments\\job-finder-backend\\apiService.js:12:40\n    at process.processTicksAndRejections (node:internal/process/task_queues:95:5)\n    at async Axios.request (D:\\Projects\\assignments\\job-finder-backend\\node_modules\\axios\\dist\\node\\axios.cjs:3871:14)\n    at async getJobs (D:\\Projects\\assignments\\job-finder-backend\\services\\jobService.js:11:20)\n    at async D:\\Projects\\assignments\\job-finder-backend\\routes\\jobs.js:8:18","timestamp":"2024-04-12T13:19:22.236Z"}
{"level":"error","message":"Unexpected error! : Error: read ECONNRESET","timestamp":"2024-04-12T13:20:09.195Z"}
{"level":"error","message":"Cannot read properties of undefined (reading 'data')","stack":"TypeError: Cannot read properties of undefined (reading 'data')\n    at D:\\Projects\\assignments\\job-finder-backend\\apiService.js:12:40\n    at process.processTicksAndRejections (node:internal/process/task_queues:95:5)\n    at async Axios.request (D:\\Projects\\assignments\\job-finder-backend\\node_modules\\axios\\dist\\node\\axios.cjs:3871:14)\n    at async getJobs (D:\\Projects\\assignments\\job-finder-backend\\services\\jobService.js:11:20)\n    at async D:\\Projects\\assignments\\job-finder-backend\\routes\\jobs.js:8:18","timestamp":"2024-04-12T13:20:09.197Z"}
